Using pre-set license
Built from '2021.3/staging' branch; Version is '2021.3.6f1 (7da38d85baf6) revision 8233869'; Using compiler version '192829333'; Build Type 'Release'
OS: 'Windows 11  (10.0.22000) 64bit Core' Language: 'ko' Physical Memory: 16052 MB
BatchMode: 1, IsHumanControllingUs: 0, StartBugReporterOnCrash: 0, Is64bit: 1, IsPro: 1

COMMAND LINE ARGUMENTS:
C:\Program Files\Unity\Hub\Editor\2021.3.6f1\Editor\Unity.exe
-adb2
-batchMode
-noUpm
-name
AssetImportWorker0
-projectPath
D:/Github/0906/CharacterLobby
-logFile
Logs/AssetImportWorker0.log
-srvPort
55958
Successfully changed project path to: D:/Github/0906/CharacterLobby
D:/Github/0906/CharacterLobby
[UnityMemory] Configuration Parameters - Can be set up in boot.config
    "memorysetup-bucket-allocator-granularity=16"
    "memorysetup-bucket-allocator-bucket-count=8"
    "memorysetup-bucket-allocator-block-size=33554432"
    "memorysetup-bucket-allocator-block-count=8"
    "memorysetup-main-allocator-block-size=16777216"
    "memorysetup-thread-allocator-block-size=16777216"
    "memorysetup-gfx-main-allocator-block-size=16777216"
    "memorysetup-gfx-thread-allocator-block-size=16777216"
    "memorysetup-cache-allocator-block-size=4194304"
    "memorysetup-typetree-allocator-block-size=2097152"
    "memorysetup-profiler-bucket-allocator-granularity=16"
    "memorysetup-profiler-bucket-allocator-bucket-count=8"
    "memorysetup-profiler-bucket-allocator-block-size=33554432"
    "memorysetup-profiler-bucket-allocator-block-count=8"
    "memorysetup-profiler-allocator-block-size=16777216"
    "memorysetup-profiler-editor-allocator-block-size=1048576"
    "memorysetup-temp-allocator-size-main=16777216"
    "memorysetup-job-temp-allocator-block-size=2097152"
    "memorysetup-job-temp-allocator-block-size-background=1048576"
    "memorysetup-job-temp-allocator-reduction-small-platforms=262144"
    "memorysetup-temp-allocator-size-background-worker=32768"
    "memorysetup-temp-allocator-size-job-worker=262144"
    "memorysetup-temp-allocator-size-preload-manager=33554432"
    "memorysetup-temp-allocator-size-nav-mesh-worker=65536"
    "memorysetup-temp-allocator-size-audio-worker=65536"
    "memorysetup-temp-allocator-size-cloud-worker=32768"
    "memorysetup-temp-allocator-size-gi-baking-worker=262144"
    "memorysetup-temp-allocator-size-gfx=262144"
Refreshing native plugins compatible for Editor in 46.74 ms, found 3 plugins.
Preloading 0 native plugins for Editor in 0.00 ms.
Initialize engine version: 2021.3.6f1 (7da38d85baf6)
[Subsystems] Discovering subsystems at path C:/Program Files/Unity/Hub/Editor/2021.3.6f1/Editor/Data/Resources/UnitySubsystems
[Subsystems] Discovering subsystems at path D:/Github/0906/CharacterLobby/Assets
GfxDevice: creating device client; threaded=0; jobified=0
Direct3D:
    Version:  Direct3D 11.0 [level 11.1]
    Renderer: NVIDIA GeForce RTX 3060 Laptop GPU (ID=0x2520)
    Vendor:   NVIDIA
    VRAM:     6023 MB
    Driver:   30.0.15.1278
Initialize mono
Mono path[0] = 'C:/Program Files/Unity/Hub/Editor/2021.3.6f1/Editor/Data/Managed'
Mono path[1] = 'C:/Program Files/Unity/Hub/Editor/2021.3.6f1/Editor/Data/MonoBleedingEdge/lib/mono/unityjit-win32'
Mono config path = 'C:/Program Files/Unity/Hub/Editor/2021.3.6f1/Editor/Data/MonoBleedingEdge/etc'
Using monoOptions --debugger-agent=transport=dt_socket,embedding=1,server=y,suspend=n,address=127.0.0.1:56148
Begin MonoManager ReloadAssembly
Registering precompiled unity dll's ...
Register platform support module: C:/Program Files/Unity/Hub/Editor/2021.3.6f1/Editor/Data/PlaybackEngines/WindowsStandaloneSupport/UnityEditor.WindowsStandalone.Extensions.dll
Registered in 0.001803 seconds.
Native extension for WindowsStandalone target not found
Refreshing native plugins compatible for Editor in 48.86 ms, found 3 plugins.
Preloading 0 native plugins for Editor in 0.00 ms.
Mono: successfully reloaded assembly
- Completed reload, in  0.377 seconds
Domain Reload Profiling:
	ReloadAssembly (377ms)
		BeginReloadAssembly (40ms)
			ExecutionOrderSort (0ms)
			DisableScriptedObjects (0ms)
			BackupInstance (0ms)
			ReleaseScriptingObjects (0ms)
			CreateAndSetChildDomain (0ms)
		EndReloadAssembly (275ms)
			LoadAssemblies (39ms)
			RebuildTransferFunctionScriptingTraits (0ms)
			SetupTypeCache (62ms)
			ReleaseScriptCaches (0ms)
			RebuildScriptCaches (23ms)
			SetupLoadedEditorAssemblies (158ms)
				LogAssemblyErrors (0ms)
				InitializePlatformSupportModulesInManaged (5ms)
				SetLoadedEditorAssemblies (0ms)
				RefreshPlugins (49ms)
				BeforeProcessingInitializeOnLoad (1ms)
				ProcessInitializeOnLoadAttributes (76ms)
				ProcessInitializeOnLoadMethodAttributes (27ms)
				AfterProcessingInitializeOnLoad (0ms)
				EditorAssembliesLoaded (0ms)
			ExecutionOrderSort2 (0ms)
			AwakeInstancesAfterBackupRestoration (0ms)
Platform modules already initialized, skipping
Registering precompiled user dll's ...
Registered in 0.001789 seconds.
Begin MonoManager ReloadAssembly
Symbol file LoadedFromMemory doesn't match image D:\Github\0906\CharacterLobby\Library\PackageCache\com.unity.visualscripting@1.7.8\Editor\VisualScripting.Core\Dependencies\YamlDotNet\Unity.VisualScripting.YamlDotNet.dll
Symbol file LoadedFromMemory doesn't match image D:\Github\0906\CharacterLobby\Library\PackageCache\com.unity.visualscripting@1.7.8\Editor\VisualScripting.Core\Dependencies\DotNetZip\Unity.VisualScripting.IonicZip.dll
Native extension for WindowsStandalone target not found
Refreshing native plugins compatible for Editor in 0.52 ms, found 3 plugins.
Preloading 0 native plugins for Editor in 0.00 ms.
Mono: successfully reloaded assembly
- Completed reload, in  0.612 seconds
Domain Reload Profiling:
	ReloadAssembly (612ms)
		BeginReloadAssembly (72ms)
			ExecutionOrderSort (0ms)
			DisableScriptedObjects (4ms)
			BackupInstance (0ms)
			ReleaseScriptingObjects (0ms)
			CreateAndSetChildDomain (12ms)
		EndReloadAssembly (472ms)
			LoadAssemblies (42ms)
			RebuildTransferFunctionScriptingTraits (0ms)
			SetupTypeCache (154ms)
			ReleaseScriptCaches (0ms)
			RebuildScriptCaches (30ms)
			SetupLoadedEditorAssemblies (219ms)
				LogAssemblyErrors (0ms)
				InitializePlatformSupportModulesInManaged (3ms)
				SetLoadedEditorAssemblies (0ms)
				RefreshPlugins (1ms)
				BeforeProcessingInitializeOnLoad (49ms)
				ProcessInitializeOnLoadAttributes (147ms)
				ProcessInitializeOnLoadMethodAttributes (17ms)
				AfterProcessingInitializeOnLoad (3ms)
				EditorAssembliesLoaded (0ms)
			ExecutionOrderSort2 (0ms)
			AwakeInstancesAfterBackupRestoration (3ms)
Platform modules already initialized, skipping
========================================================================
Worker process is ready to serve import requests
Launched and connected shader compiler UnityShaderCompiler.exe after 0.02 seconds
Refreshing native plugins compatible for Editor in 0.40 ms, found 3 plugins.
Preloading 0 native plugins for Editor in 0.00 ms.
Unloading 3368 Unused Serialized files (Serialized files now loaded: 0)
Unloading 27 unused Assets / (111.0 KB). Loaded Objects now: 3825.
Memory consumption went from 115.9 MB to 115.8 MB.
Total: 2.401800 ms (FindLiveObjects: 0.165700 ms CreateObjectMapping: 0.076500 ms MarkObjects: 2.086200 ms  DeleteObjects: 0.072500 ms)

AssetImportParameters requested are different than current active one (requested -> active):
  custom:video-decoder-ogg-theora: a1e56fd34408186e4bbccfd4996cb3dc -> 
  custom:container-muxer-webm: aa71ff27fc2769a1b78a27578f13a17b -> 
  custom:container-demuxer-webm: 4f35f7cbe854078d1ac9338744f61a02 -> 
  custom:video-encoder-webm-vp8: eb34c28f22e8b96e1ab97ce403110664 -> 
  custom:audio-encoder-webm-vorbis: bf7c407c2cedff20999df2af8eb42d56 -> 
  custom:framework-win-MediaFoundation: 216162199b28c13a410421893ffa2e32 -> 
  custom:container-demuxer-ogg: 62fdf1f143b41e24485cea50d1cbac27 -> 
  custom:video-decoder-webm-vp8: 9c59270c3fd7afecdb556c50c9e8de78 -> 
  custom:audio-decoder-ogg-vorbis: bf7c407c2cedff20999df2af8eb42d56 -> 
========================================================================
Received Import Request.
  Time since last request: 15056.340394 seconds.
  path: Assets/Scenes/CharacterLobby/LightingData.asset
  artifactKey: Guid(4a5a14c9b9f7d88428c864b36cf07578) Importer(815301076,1909f56bfc062723c751e8b465ee728b)
Start importing Assets/Scenes/CharacterLobby/LightingData.asset using Guid(4a5a14c9b9f7d88428c864b36cf07578) Importer(815301076,1909f56bfc062723c751e8b465ee728b)  -> (artifact id: 'b218cf98a8ae52c2431153ba615d6d03') in 0.029804 seconds 
========================================================================
Received Import Request.
  Time since last request: 0.000017 seconds.
  path: Assets/Scenes/CharacterLobby
  artifactKey: Guid(9147f79259a29f547b9e7d6be29bcf4e) Importer(815301076,1909f56bfc062723c751e8b465ee728b)
Start importing Assets/Scenes/CharacterLobby using Guid(9147f79259a29f547b9e7d6be29bcf4e) Importer(815301076,1909f56bfc062723c751e8b465ee728b)  -> (artifact id: '7a7ce547c8b60497e5630b80b49ceedc') in 0.004176 seconds 
========================================================================
Received Import Request.
  Time since last request: 5.424845 seconds.
  path: Assets/Scenes/SY
  artifactKey: Guid(acc1282c07cf5d1478c0cc3554fc62e1) Importer(815301076,1909f56bfc062723c751e8b465ee728b)
Start importing Assets/Scenes/SY using Guid(acc1282c07cf5d1478c0cc3554fc62e1) Importer(815301076,1909f56bfc062723c751e8b465ee728b)  -> (artifact id: 'a3a023e1112aa719746809f358a400e8') in 0.006596 seconds 
========================================================================
Received Import Request.
  Time since last request: 26.443023 seconds.
  path: Assets/Scenes/SY/Prefabs
  artifactKey: Guid(b6b9837a179c46443ba021fd30421420) Importer(815301076,1909f56bfc062723c751e8b465ee728b)
Start importing Assets/Scenes/SY/Prefabs using Guid(b6b9837a179c46443ba021fd30421420) Importer(815301076,1909f56bfc062723c751e8b465ee728b)  -> (artifact id: '13f8cea8da867c611c1911ced9d9c6e8') in 0.005036 seconds 
========================================================================
Received Import Request.
  Time since last request: 6.938532 seconds.
  path: Assets/Scenes/SY/Map
  artifactKey: Guid(04f1c352bf2b76e4e8191a7185d2ebad) Importer(815301076,1909f56bfc062723c751e8b465ee728b)
Start importing Assets/Scenes/SY/Map using Guid(04f1c352bf2b76e4e8191a7185d2ebad) Importer(815301076,1909f56bfc062723c751e8b465ee728b)  -> (artifact id: 'fa171b7fd36cc5f0249e6dad89252760') in 0.004778 seconds 
========================================================================
Received Import Request.
  Time since last request: 146.112955 seconds.
  path: Assets/SY/SY_Background.unity
  artifactKey: Guid(bb3c599710ca40249ba55a7c914fbf0c) Importer(815301076,1909f56bfc062723c751e8b465ee728b)
Start importing Assets/SY/SY_Background.unity using Guid(bb3c599710ca40249ba55a7c914fbf0c) Importer(815301076,1909f56bfc062723c751e8b465ee728b)  -> (artifact id: '172a574bdc44cffc69db0ead4c64bdce') in 0.005363 seconds 
========================================================================
Received Import Request.
  Time since last request: 6399.794578 seconds.
  path: Assets/SY/FBX
  artifactKey: Guid(6aab62db597e17043a3b5844b1433e07) Importer(815301076,1909f56bfc062723c751e8b465ee728b)
Start importing Assets/SY/FBX using Guid(6aab62db597e17043a3b5844b1433e07) Importer(815301076,1909f56bfc062723c751e8b465ee728b)  -> (artifact id: 'b28dc93841376c539fde99c78a708b3e') in 0.010297 seconds 
========================================================================
Received Import Request.
  Time since last request: 22.578431 seconds.
  path: Assets/SY/FBX/Whole Fireplace sketchfab.fbx
  artifactKey: Guid(16e9f04a500b0e249badfc411360b999) Importer(815301076,1909f56bfc062723c751e8b465ee728b)
Start importing Assets/SY/FBX/Whole Fireplace sketchfab.fbx using Guid(16e9f04a500b0e249badfc411360b999) Importer(815301076,1909f56bfc062723c751e8b465ee728b)  -> (artifact id: '4c78bc91c9faac840f0e5efdc2af2d49') in 0.736587 seconds 
========================================================================
Received Import Request.
  Time since last request: 256.947673 seconds.
  path: Assets/SY/SY_Background
  artifactKey: Guid(7997ce1e0956fb64889edec8bca8f5e9) Importer(815301076,1909f56bfc062723c751e8b465ee728b)
Start importing Assets/SY/SY_Background using Guid(7997ce1e0956fb64889edec8bca8f5e9) Importer(815301076,1909f56bfc062723c751e8b465ee728b)  -> (artifact id: '8df68b4143e6204f20deab1f64249488') in 0.005545 seconds 
========================================================================
Received Import Request.
  Time since last request: 8.732359 seconds.
  path: Assets/Scenes/CharacterLobby.unity
  artifactKey: Guid(9fc0d4010bbf28b4594072e72b8655ab) Importer(815301076,1909f56bfc062723c751e8b465ee728b)
Start importing Assets/Scenes/CharacterLobby.unity using Guid(9fc0d4010bbf28b4594072e72b8655ab) Importer(815301076,1909f56bfc062723c751e8b465ee728b)  -> (artifact id: '10ce4e43d86ee8178b30790ddfcc382e') in 0.005066 seconds 
========================================================================
Received Import Request.
  Time since last request: 95.763828 seconds.
  path: Assets/Scenes/CharacterLobby.unity
  artifactKey: Guid(9fc0d4010bbf28b4594072e72b8655ab) Importer(815301076,1909f56bfc062723c751e8b465ee728b)
Start importing Assets/Scenes/CharacterLobby.unity using Guid(9fc0d4010bbf28b4594072e72b8655ab) Importer(815301076,1909f56bfc062723c751e8b465ee728b)  -> (artifact id: '76548ee1872d1dec29ea5766b5a3908c') in 0.001407 seconds 
========================================================================
Received Import Request.
  Time since last request: 226.882697 seconds.
  path: Assets/SY/SY_BG.unity
  artifactKey: Guid(e294ce8cd1f9fff478785ffc2052c39d) Importer(815301076,1909f56bfc062723c751e8b465ee728b)
Start importing Assets/SY/SY_BG.unity using Guid(e294ce8cd1f9fff478785ffc2052c39d) Importer(815301076,1909f56bfc062723c751e8b465ee728b)  -> (artifact id: '19b3da5567b4bda62f5671eefe9a17f3') in 0.004908 seconds 
========================================================================
Received Import Request.
  Time since last request: 99.590689 seconds.
  path: Assets/SY/FBX/Koa_m_016.fbx
  artifactKey: Guid(1d7de1d8a55613e408c5aee1200c40c1) Importer(815301076,1909f56bfc062723c751e8b465ee728b)
Start importing Assets/SY/FBX/Koa_m_016.fbx using Guid(1d7de1d8a55613e408c5aee1200c40c1) Importer(815301076,1909f56bfc062723c751e8b465ee728b)  -> (artifact id: '360cd96b34558b45c2c11a5324f73843') in 0.163398 seconds 
========================================================================
Received Import Request.
  Time since last request: 451.943775 seconds.
  path: Assets/Scenes/CharacterLobby.unity
  artifactKey: Guid(9fc0d4010bbf28b4594072e72b8655ab) Importer(815301076,1909f56bfc062723c751e8b465ee728b)
Start importing Assets/Scenes/CharacterLobby.unity using Guid(9fc0d4010bbf28b4594072e72b8655ab) Importer(815301076,1909f56bfc062723c751e8b465ee728b)  -> (artifact id: 'f4d89bdcae0a9a318bafe6ad424f5511') in 0.005151 seconds 
========================================================================
Received Import Request.
  Time since last request: 391.967403 seconds.
  path: Assets/SY/SY_BG.unity
  artifactKey: Guid(e294ce8cd1f9fff478785ffc2052c39d) Importer(815301076,1909f56bfc062723c751e8b465ee728b)
Start importing Assets/SY/SY_BG.unity using Guid(e294ce8cd1f9fff478785ffc2052c39d) Importer(815301076,1909f56bfc062723c751e8b465ee728b)  -> (artifact id: '991ffd087bedc36e3e63833ccc1df4eb') in 0.007335 seconds 
========================================================================
Received Import Request.
  Time since last request: 10.260145 seconds.
  path: Assets/Scenes/CharacterLobby.unity
  artifactKey: Guid(9fc0d4010bbf28b4594072e72b8655ab) Importer(815301076,1909f56bfc062723c751e8b465ee728b)
Start importing Assets/Scenes/CharacterLobby.unity using Guid(9fc0d4010bbf28b4594072e72b8655ab) Importer(815301076,1909f56bfc062723c751e8b465ee728b)  -> (artifact id: '73f2e712549dc6c9e1ec2503e075f0b6') in 0.001262 seconds 
========================================================================
Received Import Request.
  Time since last request: 153.730221 seconds.
  path: Assets/SY/SY_BG.unity
  artifactKey: Guid(e294ce8cd1f9fff478785ffc2052c39d) Importer(815301076,1909f56bfc062723c751e8b465ee728b)
Start importing Assets/SY/SY_BG.unity using Guid(e294ce8cd1f9fff478785ffc2052c39d) Importer(815301076,1909f56bfc062723c751e8b465ee728b)  -> (artifact id: 'e44ecdc1d16a68f8ab5b62ad3250428b') in 0.001451 seconds 
========================================================================
Received Import Request.
  Time since last request: 378.632096 seconds.
  path: Assets/Scenes/CharacterLobby.unity
  artifactKey: Guid(9fc0d4010bbf28b4594072e72b8655ab) Importer(815301076,1909f56bfc062723c751e8b465ee728b)
Start importing Assets/Scenes/CharacterLobby.unity using Guid(9fc0d4010bbf28b4594072e72b8655ab) Importer(815301076,1909f56bfc062723c751e8b465ee728b)  -> (artifact id: 'b1db07eadc6410385499f8bd6d194f1d') in 0.001575 seconds 
========================================================================
Received Import Request.
  Time since last request: 7.267776 seconds.
  path: Assets/Scenes/New Scene.unity
  artifactKey: Guid(cad2f6297c172bd49bbad7cc7f74b323) Importer(815301076,1909f56bfc062723c751e8b465ee728b)
Start importing Assets/Scenes/New Scene.unity using Guid(cad2f6297c172bd49bbad7cc7f74b323) Importer(815301076,1909f56bfc062723c751e8b465ee728b)  -> (artifact id: '4db6e73815396f24581650035e6ae766') in 0.006418 seconds 
